0 info it worked if it ends with ok
1 verbose cli [ '/Users/ryan.alspaugh/.nvm/versions/node/v7.2.0/bin/node',
1 verbose cli   '/Users/ryan.alspaugh/.nvm/versions/node/v7.2.0/bin/npm',
1 verbose cli   'start' ]
2 info using npm@3.10.9
3 info using node@v7.2.0
4 verbose run-script [ 'prestart', 'start', 'poststart' ]
5 info lifecycle filtered-news-server@1.0.0~prestart: filtered-news-server@1.0.0
6 silly lifecycle filtered-news-server@1.0.0~prestart: no script for prestart, continuing
7 info lifecycle filtered-news-server@1.0.0~start: filtered-news-server@1.0.0
8 verbose lifecycle filtered-news-server@1.0.0~start: unsafe-perm in lifecycle true
9 verbose lifecycle filtered-news-server@1.0.0~start: PATH: /Users/ryan.alspaugh/.nvm/versions/node/v7.2.0/lib/node_modules/npm/bin/node-gyp-bin:/Users/ryan.alspaugh/Documents/projects/filtered-news/filtered-news-server/node_modules/.bin:/Users/ryan.alspaugh/.nvm/versions/node/v7.2.0/bin:/Users/ryan.alspaugh/apache-maven/apache-maven-3.3.1/bin:/usr/bin:/bin:/usr/sbin:/sbin:/usr/local/bin:/usr/local/share/scala/bin:/Users/ryan.alspaugh/bin
10 verbose lifecycle filtered-news-server@1.0.0~start: CWD: /Users/ryan.alspaugh/Documents/projects/filtered-news/filtered-news-server
11 silly lifecycle filtered-news-server@1.0.0~start: Args: [ '-c', 'node index.js' ]
12 silly lifecycle filtered-news-server@1.0.0~start: Returned: code: 1  signal: null
13 info lifecycle filtered-news-server@1.0.0~start: Failed to exec start script
14 verbose stack Error: filtered-news-server@1.0.0 start: `node index.js`
14 verbose stack Exit status 1
14 verbose stack     at EventEmitter.<anonymous> (/Users/ryan.alspaugh/.nvm/versions/node/v7.2.0/lib/node_modules/npm/lib/utils/lifecycle.js:255:16)
14 verbose stack     at emitTwo (events.js:106:13)
14 verbose stack     at EventEmitter.emit (events.js:191:7)
14 verbose stack     at ChildProcess.<anonymous> (/Users/ryan.alspaugh/.nvm/versions/node/v7.2.0/lib/node_modules/npm/lib/utils/spawn.js:40:14)
14 verbose stack     at emitTwo (events.js:106:13)
14 verbose stack     at ChildProcess.emit (events.js:191:7)
14 verbose stack     at maybeClose (internal/child_process.js:885:16)
14 verbose stack     at Process.ChildProcess._handle.onexit (internal/child_process.js:226:5)
15 verbose pkgid filtered-news-server@1.0.0
16 verbose cwd /Users/ryan.alspaugh/Documents/projects/filtered-news/filtered-news-server
17 error Darwin 15.6.0
18 error argv "/Users/ryan.alspaugh/.nvm/versions/node/v7.2.0/bin/node" "/Users/ryan.alspaugh/.nvm/versions/node/v7.2.0/bin/npm" "start"
19 error node v7.2.0
20 error npm  v3.10.9
21 error code ELIFECYCLE
22 error filtered-news-server@1.0.0 start: `node index.js`
22 error Exit status 1
23 error Failed at the filtered-news-server@1.0.0 start script 'node index.js'.
23 error Make sure you have the latest version of node.js and npm installed.
23 error If you do, this is most likely a problem with the filtered-news-server package,
23 error not with npm itself.
23 error Tell the author that this fails on your system:
23 error     node index.js
23 error You can get information on how to open an issue for this project with:
23 error     npm bugs filtered-news-server
23 error Or if that isn't available, you can get their info via:
23 error     npm owner ls filtered-news-server
23 error There is likely additional logging output above.
24 verbose exit [ 1, true ]
